CRITICAL - 2026-07-20 11:16:44 --> ErrorException: Undefined array key "id_statut"
[Method: GET, Route: operateur/prefixe/form]
in APPPATH/Controllers/RoleFilter.php on line 17.
 1 APPPATH/Controllers/RoleFilter.php(17): CodeIgniter\Debug\Exceptions->errorHandler()
 2 SYSTEMPATH/Filters/Filters.php(241): App\Controllers\RoleFilter->before()
 3 SYSTEMPATH/Filters/Filters.php(221): CodeIgniter\Filters\Filters->runBefore()
 4 SYSTEMPATH/CodeIgniter.php(465): CodeIgniter\Filters\Filters->run()
 5 SYSTEMPATH/CodeIgniter.php(340): CodeIgniter\CodeIgniter->handleRequest()
 6 SYSTEMPATH/Boot.php(417): CodeIgniter\CodeIgniter->run()
 7 SYSTEMPATH/Boot.php(68): CodeIgniter\Boot::runCodeIgniter()
 8 FCPATH/index.php(59): CodeIgniter\Boot::bootWeb()
 9 SYSTEMPATH/rewrite.php(44): require_once('/home/bryan/Documents/GitHub/Mobile_Money/public/index.php')
CRITICAL - 2026-07-20 11:42:51 --> CodeIgniter\View\Exceptions\ViewException: Invalid file: "layout/modele.php"
[Method: GET, Route: operateur/prefixe/form]
in SYSTEMPATH/Exceptions/FrameworkException.php on line 39.
 1 SYSTEMPATH/View/View.php(228): CodeIgniter\Exceptions\FrameworkException::forInvalidFile()
 2 SYSTEMPATH/View/View.php(256): CodeIgniter\View\View->render()
 3 SYSTEMPATH/Common.php(1250): CodeIgniter\View\View->render()
 4 APPPATH/Controllers/PrefixeController.php(24): view()
 5 SYSTEMPATH/CodeIgniter.php(951): App\Controllers\PrefixeController->index()
 6 SYSTEMPATH/CodeIgniter.php(497): CodeIgniter\CodeIgniter->runController()
 7 SYSTEMPATH/CodeIgniter.php(340): CodeIgniter\CodeIgniter->handleRequest()
 8 SYSTEMPATH/Boot.php(417): CodeIgniter\CodeIgniter->run()
 9 SYSTEMPATH/Boot.php(68): CodeIgniter\Boot::runCodeIgniter()
10 FCPATH/index.php(59): CodeIgniter\Boot::bootWeb()
11 SYSTEMPATH/rewrite.php(44): require_once('/home/bryan/Documents/GitHub/Mobile_Money/public/index.php')
CRITICAL - 2026-07-20 11:42:52 --> CodeIgniter\View\Exceptions\ViewException: Invalid file: "layout/modele.php"
[Method: GET, Route: operateur/prefixe/form]
in SYSTEMPATH/Exceptions/FrameworkException.php on line 39.
 1 SYSTEMPATH/View/View.php(228): CodeIgniter\Exceptions\FrameworkException::forInvalidFile()
 2 SYSTEMPATH/View/View.php(256): CodeIgniter\View\View->render()
 3 SYSTEMPATH/Common.php(1250): CodeIgniter\View\View->render()
 4 APPPATH/Controllers/PrefixeController.php(24): view()
 5 SYSTEMPATH/CodeIgniter.php(951): App\Controllers\PrefixeController->index()
 6 SYSTEMPATH/CodeIgniter.php(497): CodeIgniter\CodeIgniter->runController()
 7 SYSTEMPATH/CodeIgniter.php(340): CodeIgniter\CodeIgniter->handleRequest()
 8 SYSTEMPATH/Boot.php(417): CodeIgniter\CodeIgniter->run()
 9 SYSTEMPATH/Boot.php(68): CodeIgniter\Boot::runCodeIgniter()
10 FCPATH/index.php(59): CodeIgniter\Boot::bootWeb()
11 SYSTEMPATH/rewrite.php(44): require_once('/home/bryan/Documents/GitHub/Mobile_Money/public/index.php')
CRITICAL - 2026-07-20 11:43:00 --> CodeIgniter\View\Exceptions\ViewException: Invalid file: "layout/modele.php"
[Method: GET, Route: operateur/prefixe/form]
in SYSTEMPATH/Exceptions/FrameworkException.php on line 39.
 1 SYSTEMPATH/View/View.php(228): CodeIgniter\Exceptions\FrameworkException::forInvalidFile()
 2 SYSTEMPATH/View/View.php(256): CodeIgniter\View\View->render()
 3 SYSTEMPATH/Common.php(1250): CodeIgniter\View\View->render()
 4 APPPATH/Controllers/PrefixeController.php(24): view()
 5 SYSTEMPATH/CodeIgniter.php(951): App\Controllers\PrefixeController->index()
 6 SYSTEMPATH/CodeIgniter.php(497): CodeIgniter\CodeIgniter->runController()
 7 SYSTEMPATH/CodeIgniter.php(340): CodeIgniter\CodeIgniter->handleRequest()
 8 SYSTEMPATH/Boot.php(417): CodeIgniter\CodeIgniter->run()
 9 SYSTEMPATH/Boot.php(68): CodeIgniter\Boot::runCodeIgniter()
10 FCPATH/index.php(59): CodeIgniter\Boot::bootWeb()
11 SYSTEMPATH/rewrite.php(44): require_once('/home/bryan/Documents/GitHub/Mobile_Money/public/index.php')
CRITICAL - 2026-07-20 11:43:35 --> CodeIgniter\View\Exceptions\ViewException: Invalid file: "modele.php"
[Method: GET, Route: operateur/prefixe/form]
in SYSTEMPATH/Exceptions/FrameworkException.php on line 39.
 1 SYSTEMPATH/View/View.php(228): CodeIgniter\Exceptions\FrameworkException::forInvalidFile()
 2 SYSTEMPATH/View/View.php(256): CodeIgniter\View\View->render()
 3 SYSTEMPATH/Common.php(1250): CodeIgniter\View\View->render()
 4 APPPATH/Controllers/PrefixeController.php(24): view()
 5 SYSTEMPATH/CodeIgniter.php(951): App\Controllers\PrefixeController->index()
 6 SYSTEMPATH/CodeIgniter.php(497): CodeIgniter\CodeIgniter->runController()
 7 SYSTEMPATH/CodeIgniter.php(340): CodeIgniter\CodeIgniter->handleRequest()
 8 SYSTEMPATH/Boot.php(417): CodeIgniter\CodeIgniter->run()
 9 SYSTEMPATH/Boot.php(68): CodeIgniter\Boot::runCodeIgniter()
10 FCPATH/index.php(59): CodeIgniter\Boot::bootWeb()
11 SYSTEMPATH/rewrite.php(44): require_once('/home/bryan/Documents/GitHub/Mobile_Money/public/index.php')
CRITICAL - 2026-07-20 11:43:38 --> CodeIgniter\View\Exceptions\ViewException: Invalid file: "modele.php"
[Method: GET, Route: operateur/prefixe/form]
in SYSTEMPATH/Exceptions/FrameworkException.php on line 39.
 1 SYSTEMPATH/View/View.php(228): CodeIgniter\Exceptions\FrameworkException::forInvalidFile()
 2 SYSTEMPATH/View/View.php(256): CodeIgniter\View\View->render()
 3 SYSTEMPATH/Common.php(1250): CodeIgniter\View\View->render()
 4 APPPATH/Controllers/PrefixeController.php(24): view()
 5 SYSTEMPATH/CodeIgniter.php(951): App\Controllers\PrefixeController->index()
 6 SYSTEMPATH/CodeIgniter.php(497): CodeIgniter\CodeIgniter->runController()
 7 SYSTEMPATH/CodeIgniter.php(340): CodeIgniter\CodeIgniter->handleRequest()
 8 SYSTEMPATH/Boot.php(417): CodeIgniter\CodeIgniter->run()
 9 SYSTEMPATH/Boot.php(68): CodeIgniter\Boot::runCodeIgniter()
10 FCPATH/index.php(59): CodeIgniter\Boot::bootWeb()
11 SYSTEMPATH/rewrite.php(44): require_once('/home/bryan/Documents/GitHub/Mobile_Money/public/index.php')
ERROR - 2026-07-20 12:40:00 --> table `prefixe` already exists
in SYSTEMPATH/Database/SQLite3/Connection.php on line 163.
 1 SYSTEMPATH/Database/SQLite3/Connection.php(163): SQLite3->exec()
 2 SYSTEMPATH/Database/BaseConnection.php(910): CodeIgniter\Database\SQLite3\Connection->execute()
 3 SYSTEMPATH/Database/BaseConnection.php(827): CodeIgniter\Database\BaseConnection->simpleQuery()
 4 SYSTEMPATH/Database/Forge.php(570): CodeIgniter\Database\BaseConnection->query()
 5 APPPATH/Database/Migrations/2026-07-20-122559_CreatePrefixe.php(26): CodeIgniter\Database\Forge->createTable()
 6 SYSTEMPATH/Database/MigrationRunner.php(1014): App\Database\Migrations\CreatePrefixe->up()
 7 SYSTEMPATH/Database/MigrationRunner.php(202): CodeIgniter\Database\MigrationRunner->migrate()
 8 SYSTEMPATH/Commands/Database/Migrate.php(89): CodeIgniter\Database\MigrationRunner->latest()
 9 SYSTEMPATH/CLI/SignalTrait.php(245): CodeIgniter\Commands\Database\Migrate::CodeIgniter\Commands\Database\{closure}()
10 SYSTEMPATH/Commands/Database/Migrate.php(88): CodeIgniter\Commands\Database\Migrate->withSignalsBlocked()
11 SYSTEMPATH/CLI/Commands.php(74): CodeIgniter\Commands\Database\Migrate->run()
12 SYSTEMPATH/CLI/Console.php(47): CodeIgniter\CLI\Commands->run()
13 SYSTEMPATH/Boot.php(442): CodeIgniter\CLI\Console->run()
14 SYSTEMPATH/Boot.php(166): CodeIgniter\Boot::runCommand()
15 ROOTPATH/spark(87): CodeIgniter\Boot::bootSpark()
CRITICAL - 2026-07-20 12:40:00 --> ErrorException: require(/home/bryan/Documents/GitHub/Mobile_Money/app/Views/errors/cli/error_exception.php): Failed to open stream: No such file or directory
[Method: CLI, Route: migrate]
in SYSTEMPATH/CLI/BaseCommand.php on line 133.
 1 SYSTEMPATH/CLI/BaseCommand.php(133): CodeIgniter\Debug\Exceptions->errorHandler()
 2 SYSTEMPATH/CLI/BaseCommand.php(133): require()
 3 SYSTEMPATH/Commands/Database/Migrate.php(104): CodeIgniter\CLI\BaseCommand->showError()
 4 SYSTEMPATH/CLI/Commands.php(74): CodeIgniter\Commands\Database\Migrate->run()
 5 SYSTEMPATH/CLI/Console.php(47): CodeIgniter\CLI\Commands->run()
 6 SYSTEMPATH/Boot.php(442): CodeIgniter\CLI\Console->run()
 7 SYSTEMPATH/Boot.php(166): CodeIgniter\Boot::runCommand()
 8 ROOTPATH/spark(87): CodeIgniter\Boot::bootSpark()
CRITICAL - 2026-07-20 12:49:07 --> TypeError: count(): Argument #1 ($value) must be of type Countable|array, App\Models\PrefixeModel given
[Method: GET, Route: operateur/prefixe/form]
in APPPATH/Views/operateur/config_prefix.php on line 33.
 1 SYSTEMPATH/View/View.php(240): include()
 2 SYSTEMPATH/View/View.php(243): CodeIgniter\View\View->CodeIgniter\View\{closure}()
 3 SYSTEMPATH/Common.php(1250): CodeIgniter\View\View->render()
 4 APPPATH/Controllers/PrefixeController.php(24): view()
 5 SYSTEMPATH/CodeIgniter.php(951): App\Controllers\PrefixeController->index()
 6 SYSTEMPATH/CodeIgniter.php(497): CodeIgniter\CodeIgniter->runController()
 7 SYSTEMPATH/CodeIgniter.php(340): CodeIgniter\CodeIgniter->handleRequest()
 8 SYSTEMPATH/Boot.php(417): CodeIgniter\CodeIgniter->run()
 9 SYSTEMPATH/Boot.php(68): CodeIgniter\Boot::runCodeIgniter()
10 FCPATH/index.php(59): CodeIgniter\Boot::bootWeb()
11 SYSTEMPATH/rewrite.php(44): require_once('/home/bryan/Documents/GitHub/Mobile_Money/public/index.php')
CRITICAL - 2026-07-20 12:49:12 --> TypeError: count(): Argument #1 ($value) must be of type Countable|array, App\Models\PrefixeModel given
[Method: GET, Route: operateur/prefixe/form]
in APPPATH/Views/operateur/config_prefix.php on line 33.
 1 SYSTEMPATH/View/View.php(240): include()
 2 SYSTEMPATH/View/View.php(243): CodeIgniter\View\View->CodeIgniter\View\{closure}()
 3 SYSTEMPATH/Common.php(1250): CodeIgniter\View\View->render()
 4 APPPATH/Controllers/PrefixeController.php(24): view()
 5 SYSTEMPATH/CodeIgniter.php(951): App\Controllers\PrefixeController->index()
 6 SYSTEMPATH/CodeIgniter.php(497): CodeIgniter\CodeIgniter->runController()
 7 SYSTEMPATH/CodeIgniter.php(340): CodeIgniter\CodeIgniter->handleRequest()
 8 SYSTEMPATH/Boot.php(417): CodeIgniter\CodeIgniter->run()
 9 SYSTEMPATH/Boot.php(68): CodeIgniter\Boot::runCodeIgniter()
10 FCPATH/index.php(59): CodeIgniter\Boot::bootWeb()
11 SYSTEMPATH/rewrite.php(44): require_once('/home/bryan/Documents/GitHub/Mobile_Money/public/index.php')
CRITICAL - 2026-07-20 12:50:29 --> TypeError: count(): Argument #1 ($value) must be of type Countable|array, App\Models\PrefixeModel given
[Method: GET, Route: operateur/prefixe/form]
in APPPATH/Views/operateur/config_prefix.php on line 33.
 1 SYSTEMPATH/View/View.php(240): include()
 2 SYSTEMPATH/View/View.php(243): CodeIgniter\View\View->CodeIgniter\View\{closure}()
 3 SYSTEMPATH/Common.php(1250): CodeIgniter\View\View->render()
 4 APPPATH/Controllers/PrefixeController.php(24): view()
 5 SYSTEMPATH/CodeIgniter.php(951): App\Controllers\PrefixeController->index()
 6 SYSTEMPATH/CodeIgniter.php(497): CodeIgniter\CodeIgniter->runController()
 7 SYSTEMPATH/CodeIgniter.php(340): CodeIgniter\CodeIgniter->handleRequest()
 8 SYSTEMPATH/Boot.php(417): CodeIgniter\CodeIgniter->run()
 9 SYSTEMPATH/Boot.php(68): CodeIgniter\Boot::runCodeIgniter()
10 FCPATH/index.php(59): CodeIgniter\Boot::bootWeb()
11 SYSTEMPATH/rewrite.php(44): require_once('/home/bryan/Documents/GitHub/Mobile_Money/public/index.php')
CRITICAL - 2026-07-20 12:51:55 --> TypeError: count(): Argument #1 ($value) must be of type Countable|array, App\Models\PrefixeModel given
[Method: GET, Route: operateur/prefixe/form]
in APPPATH/Views/operateur/config_prefix.php on line 33.
 1 SYSTEMPATH/View/View.php(240): include()
 2 SYSTEMPATH/View/View.php(243): CodeIgniter\View\View->CodeIgniter\View\{closure}()
 3 SYSTEMPATH/Common.php(1250): CodeIgniter\View\View->render()
 4 APPPATH/Controllers/PrefixeController.php(24): view()
 5 SYSTEMPATH/CodeIgniter.php(951): App\Controllers\PrefixeController->index()
 6 SYSTEMPATH/CodeIgniter.php(497): CodeIgniter\CodeIgniter->runController()
 7 SYSTEMPATH/CodeIgniter.php(340): CodeIgniter\CodeIgniter->handleRequest()
 8 SYSTEMPATH/Boot.php(417): CodeIgniter\CodeIgniter->run()
 9 SYSTEMPATH/Boot.php(68): CodeIgniter\Boot::runCodeIgniter()
10 FCPATH/index.php(59): CodeIgniter\Boot::bootWeb()
11 SYSTEMPATH/rewrite.php(44): require_once('/home/bryan/Documents/GitHub/Mobile_Money/public/index.php')
CRITICAL - 2026-07-20 12:53:51 --> TypeError: count(): Argument #1 ($value) must be of type Countable|array, App\Models\PrefixeModel given
[Method: GET, Route: operateur/prefixe/form]
in APPPATH/Views/operateur/config_prefix.php on line 33.
 1 SYSTEMPATH/View/View.php(240): include()
 2 SYSTEMPATH/View/View.php(243): CodeIgniter\View\View->CodeIgniter\View\{closure}()
 3 SYSTEMPATH/Common.php(1250): CodeIgniter\View\View->render()
 4 APPPATH/Controllers/PrefixeController.php(24): view()
 5 SYSTEMPATH/CodeIgniter.php(951): App\Controllers\PrefixeController->index()
 6 SYSTEMPATH/CodeIgniter.php(497): CodeIgniter\CodeIgniter->runController()
 7 SYSTEMPATH/CodeIgniter.php(340): CodeIgniter\CodeIgniter->handleRequest()
 8 SYSTEMPATH/Boot.php(417): CodeIgniter\CodeIgniter->run()
 9 SYSTEMPATH/Boot.php(68): CodeIgniter\Boot::runCodeIgniter()
10 FCPATH/index.php(59): CodeIgniter\Boot::bootWeb()
11 SYSTEMPATH/rewrite.php(44): require_once('/home/bryan/Documents/GitHub/Mobile_Money/public/index.php')
CRITICAL - 2026-07-20 12:55:00 --> TypeError: count(): Argument #1 ($value) must be of type Countable|array, App\Models\PrefixeModel given
[Method: GET, Route: operateur/prefixe/form]
in APPPATH/Views/operateur/config_prefix.php on line 33.
 1 SYSTEMPATH/View/View.php(240): include()
 2 SYSTEMPATH/View/View.php(243): CodeIgniter\View\View->CodeIgniter\View\{closure}()
 3 SYSTEMPATH/Common.php(1250): CodeIgniter\View\View->render()
 4 APPPATH/Controllers/PrefixeController.php(24): view()
 5 SYSTEMPATH/CodeIgniter.php(951): App\Controllers\PrefixeController->index()
 6 SYSTEMPATH/CodeIgniter.php(497): CodeIgniter\CodeIgniter->runController()
 7 SYSTEMPATH/CodeIgniter.php(340): CodeIgniter\CodeIgniter->handleRequest()
 8 SYSTEMPATH/Boot.php(417): CodeIgniter\CodeIgniter->run()
 9 SYSTEMPATH/Boot.php(68): CodeIgniter\Boot::runCodeIgniter()
10 FCPATH/index.php(59): CodeIgniter\Boot::bootWeb()
11 SYSTEMPATH/rewrite.php(44): require_once('/home/bryan/Documents/GitHub/Mobile_Money/public/index.php')
CRITICAL - 2026-07-20 12:55:02 --> TypeError: count(): Argument #1 ($value) must be of type Countable|array, App\Models\PrefixeModel given
[Method: GET, Route: operateur/prefixe/form]
in APPPATH/Views/operateur/config_prefix.php on line 33.
 1 SYSTEMPATH/View/View.php(240): include()
 2 SYSTEMPATH/View/View.php(243): CodeIgniter\View\View->CodeIgniter\View\{closure}()
 3 SYSTEMPATH/Common.php(1250): CodeIgniter\View\View->render()
 4 APPPATH/Controllers/PrefixeController.php(24): view()
 5 SYSTEMPATH/CodeIgniter.php(951): App\Controllers\PrefixeController->index()
 6 SYSTEMPATH/CodeIgniter.php(497): CodeIgniter\CodeIgniter->runController()
 7 SYSTEMPATH/CodeIgniter.php(340): CodeIgniter\CodeIgniter->handleRequest()
 8 SYSTEMPATH/Boot.php(417): CodeIgniter\CodeIgniter->run()
 9 SYSTEMPATH/Boot.php(68): CodeIgniter\Boot::runCodeIgniter()
10 FCPATH/index.php(59): CodeIgniter\Boot::bootWeb()
11 SYSTEMPATH/rewrite.php(44): require_once('/home/bryan/Documents/GitHub/Mobile_Money/public/index.php')
CRITICAL - 2026-07-20 12:56:27 --> TypeError: count(): Argument #1 ($value) must be of type Countable|array, App\Models\PrefixeModel given
[Method: GET, Route: operateur/prefixe/form]
in APPPATH/Views/operateur/config_prefix.php on line 33.
 1 SYSTEMPATH/View/View.php(240): include()
 2 SYSTEMPATH/View/View.php(243): CodeIgniter\View\View->CodeIgniter\View\{closure}()
 3 SYSTEMPATH/Common.php(1250): CodeIgniter\View\View->render()
 4 APPPATH/Controllers/PrefixeController.php(24): view()
 5 SYSTEMPATH/CodeIgniter.php(951): App\Controllers\PrefixeController->index()
 6 SYSTEMPATH/CodeIgniter.php(497): CodeIgniter\CodeIgniter->runController()
 7 SYSTEMPATH/CodeIgniter.php(340): CodeIgniter\CodeIgniter->handleRequest()
 8 SYSTEMPATH/Boot.php(417): CodeIgniter\CodeIgniter->run()
 9 SYSTEMPATH/Boot.php(68): CodeIgniter\Boot::runCodeIgniter()
10 FCPATH/index.php(59): CodeIgniter\Boot::bootWeb()
11 SYSTEMPATH/rewrite.php(44): require_once('/home/bryan/Documents/GitHub/Mobile_Money/public/index.php')
CRITICAL - 2026-07-20 12:56:28 --> TypeError: count(): Argument #1 ($value) must be of type Countable|array, App\Models\PrefixeModel given
[Method: GET, Route: operateur/prefixe/form]
in APPPATH/Views/operateur/config_prefix.php on line 33.
 1 SYSTEMPATH/View/View.php(240): include()
 2 SYSTEMPATH/View/View.php(243): CodeIgniter\View\View->CodeIgniter\View\{closure}()
 3 SYSTEMPATH/Common.php(1250): CodeIgniter\View\View->render()
 4 APPPATH/Controllers/PrefixeController.php(24): view()
 5 SYSTEMPATH/CodeIgniter.php(951): App\Controllers\PrefixeController->index()
 6 SYSTEMPATH/CodeIgniter.php(497): CodeIgniter\CodeIgniter->runController()
 7 SYSTEMPATH/CodeIgniter.php(340): CodeIgniter\CodeIgniter->handleRequest()
 8 SYSTEMPATH/Boot.php(417): CodeIgniter\CodeIgniter->run()
 9 SYSTEMPATH/Boot.php(68): CodeIgniter\Boot::runCodeIgniter()
10 FCPATH/index.php(59): CodeIgniter\Boot::bootWeb()
11 SYSTEMPATH/rewrite.php(44): require_once('/home/bryan/Documents/GitHub/Mobile_Money/public/index.php')
CRITICAL - 2026-07-20 12:56:28 --> TypeError: count(): Argument #1 ($value) must be of type Countable|array, App\Models\PrefixeModel given
[Method: GET, Route: operateur/prefixe/form]
in APPPATH/Views/operateur/config_prefix.php on line 33.
 1 SYSTEMPATH/View/View.php(240): include()
 2 SYSTEMPATH/View/View.php(243): CodeIgniter\View\View->CodeIgniter\View\{closure}()
 3 SYSTEMPATH/Common.php(1250): CodeIgniter\View\View->render()
 4 APPPATH/Controllers/PrefixeController.php(24): view()
 5 SYSTEMPATH/CodeIgniter.php(951): App\Controllers\PrefixeController->index()
 6 SYSTEMPATH/CodeIgniter.php(497): CodeIgniter\CodeIgniter->runController()
 7 SYSTEMPATH/CodeIgniter.php(340): CodeIgniter\CodeIgniter->handleRequest()
 8 SYSTEMPATH/Boot.php(417): CodeIgniter\CodeIgniter->run()
 9 SYSTEMPATH/Boot.php(68): CodeIgniter\Boot::runCodeIgniter()
10 FCPATH/index.php(59): CodeIgniter\Boot::bootWeb()
11 SYSTEMPATH/rewrite.php(44): require_once('/home/bryan/Documents/GitHub/Mobile_Money/public/index.php')
CRITICAL - 2026-07-20 12:56:37 --> TypeError: count(): Argument #1 ($value) must be of type Countable|array, App\Models\PrefixeModel given
[Method: GET, Route: operateur/prefixe/form]
in APPPATH/Views/operateur/config_prefix.php on line 33.
 1 SYSTEMPATH/View/View.php(240): include()
 2 SYSTEMPATH/View/View.php(243): CodeIgniter\View\View->CodeIgniter\View\{closure}()
 3 SYSTEMPATH/Common.php(1250): CodeIgniter\View\View->render()
 4 APPPATH/Controllers/PrefixeController.php(24): view()
 5 SYSTEMPATH/CodeIgniter.php(951): App\Controllers\PrefixeController->index()
 6 SYSTEMPATH/CodeIgniter.php(497): CodeIgniter\CodeIgniter->runController()
 7 SYSTEMPATH/CodeIgniter.php(340): CodeIgniter\CodeIgniter->handleRequest()
 8 SYSTEMPATH/Boot.php(417): CodeIgniter\CodeIgniter->run()
 9 SYSTEMPATH/Boot.php(68): CodeIgniter\Boot::runCodeIgniter()
10 FCPATH/index.php(59): CodeIgniter\Boot::bootWeb()
11 SYSTEMPATH/rewrite.php(44): require_once('/home/bryan/Documents/GitHub/Mobile_Money/public/index.php')
